#
# There is insufficient memory for the Java Runtime Environment to continue.
# Native memory allocation (malloc) failed to allocate 1155376 bytes for Chunk::new
# Possible reasons:
#   The system is out of physical RAM or swap space
#   The process is running with CompressedOops enabled, and the Java Heap may be blocking the growth of the native heap
# Possible solutions:
#   Reduce memory load on the system
#   Increase physical memory or swap space
#   Check if swap backing store is full
#   Decrease Java heap size (-Xmx/-Xms)
#   Decrease number of Java threads
#   Decrease Java thread stack sizes (-Xss)
#   Set larger code cache with -XX:ReservedCodeCacheSize=
#   JVM is running with Unscaled Compressed Oops mode in which the Java heap is
#     placed in the first 4GB address space. The Java Heap base address is the
#     maximum limit for the native heap growth. Please use -XX:HeapBaseMinAddress
#     to set the Java Heap base and to place the Java Heap above 4GB virtual address.
# This output file may be truncated or incomplete.
#
#  Out of Memory Error (allocation.cpp:389), pid=13584, tid=0x0000000000003174
#
# JRE version: OpenJDK Runtime Environment (8.0_242-b01) (build 1.8.0_242-release-1644-b01)
# Java VM: OpenJDK 64-Bit Server VM (25.242-b01 mixed mode windows-amd64 compressed oops)
# Failed to write core dump. Minidumps are not enabled by default on client versions of Windows
#

---------------  T H R E A D  ---------------

Current thread (0x0000000019790800):  JavaThread "C2 CompilerThread2" daemon [_thread_in_native, id=12660, stack(0x000000001a250000,0x000000001a350000)]

Stack: [0x000000001a250000,0x000000001a350000]
[error occurred during error reporting (printing stack bounds), id 0xc0000005]

Native frames: (J=compiled Java code, j=interpreted, Vv=VM code, C=native code)


Current CompileTask:
C2:   3977  848       4       java.io.WinNTFileSystem::normalize (143 bytes)


---------------  P R O C E S S  ---------------

Java Threads: ( => current thread )
  0x000000001ae8a000 JavaThread "pool-1-thread-1" [_thread_blocked, id=2868, stack(0x000000001be20000,0x000000001bf20000)]
  0x0000000019814800 JavaThread "Service Thread" daemon [_thread_blocked, id=23832, stack(0x000000001a450000,0x000000001a550000)]
  0x0000000019796800 JavaThread "C1 CompilerThread3" daemon [_thread_blocked, id=7180, stack(0x000000001a350000,0x000000001a450000)]
=>0x0000000019790800 JavaThread "C2 CompilerThread2" daemon [_thread_in_native, id=12660, stack(0x000000001a250000,0x000000001a350000)]
  0x000000001978b800 JavaThread "C2 CompilerThread1" daemon [_thread_blocked, id=26332, stack(0x000000001a150000,0x000000001a250000)]
  0x0000000019785000 JavaThread "C2 CompilerThread0" daemon [_thread_blocked, id=20812, stack(0x000000001a050000,0x000000001a150000)]
  0x0000000019782800 JavaThread "Attach Listener" daemon [_thread_blocked, id=18120, stack(0x0000000019f50000,0x000000001a050000)]
  0x000000001799e800 JavaThread "Signal Dispatcher" daemon [_thread_blocked, id=13496, stack(0x0000000019e50000,0x0000000019f50000)]
  0x000000001798d000 JavaThread "Finalizer" daemon [_thread_blocked, id=22152, stack(0x0000000019c50000,0x0000000019d50000)]
  0x0000000019770800 JavaThread "Reference Handler" daemon [_thread_blocked, id=15968, stack(0x0000000019b50000,0x0000000019c50000)]
  0x00000000029d3000 JavaThread "main" [_thread_in_native, id=17568, stack(0x00000000028d0000,0x00000000029d0000)]

Other Threads:
  0x0000000017986800 VMThread [stack: 0x0000000019650000,0x0000000019750000] [id=20384]
  0x000000001981d000 WatcherThread [stack: 0x000000001a550000,0x000000001a650000] [id=16740]

VM state:not at safepoint (normal execution)

VM Mutex/Monitor currently owned by a thread: None

heap address: 0x0000000082e00000, size: 2002 MB, Compressed Oops mode: 32-bit
Narrow klass base: 0x0000000000000000, Narrow klass shift: 3
Compressed class space size: 1073741824 Address: 0x0000000100000000

Heap:
 PSYoungGen      total 37888K, used 18417K [0x00000000d6500000, 0x00000000d8f00000, 0x0000000100000000)
  eden space 32768K, 41% used [0x00000000d6500000,0x00000000d725a4f0,0x00000000d8500000)
  from space 5120K, 92% used [0x00000000d8500000,0x00000000d89a21b0,0x00000000d8a00000)
  to   space 5120K, 0% used [0x00000000d8a00000,0x00000000d8a00000,0x00000000d8f00000)
 ParOldGen       total 86016K, used 16K [0x0000000082e00000, 0x0000000088200000, 0x00000000d6500000)
  object space 86016K, 0% used [0x0000000082e00000,0x0000000082e04000,0x0000000088200000)
 Metaspace       used 10252K, capacity 10534K, committed 10752K, reserved 1058816K
  class space    used 1361K, capacity 1473K, committed 1536K, reserved 1048576K

Card table byte_map: [0x0000000011e90000,0x0000000012280000] byte_map_base: 0x0000000011a79000

Marking Bits: (ParMarkBitMap*) 0x00000000749cf030
 Begin Bits: [0x0000000012d20000, 0x0000000014c68000)
 End Bits:   [0x0000000014c68000, 0x0000000016bb0000)

Polling page: 0x00000000027a0000

CodeCache: size=245760Kb used=3420Kb max_used=3420Kb free=242339Kb
 bounds [0x0000000002ad0000, 0x0000000002e30000, 0x0000000011ad0000]
 total_blobs=1292 nmethods=945 adapters=261
 compilation: enabled

Compilation events (10 events):
Event: 3.877 Thread 0x0000000019796800  938       3       java.io.File::isFile (43 bytes)
Event: 3.877 Thread 0x0000000019796800 nmethod 938 0x0000000002e25c50 code [0x0000000002e25de0, 0x0000000002e26268]
Event: 3.877 Thread 0x0000000019796800  939       1       org.gradle.internal.classpath.DefaultClassPath$ImmutableUniqueList::size (5 bytes)
Event: 3.878 Thread 0x0000000019796800 nmethod 939 0x0000000002e26390 code [0x0000000002e264e0, 0x0000000002e265f0]
Event: 3.884 Thread 0x0000000019796800  940       3       java.lang.reflect.Array::newInstance (6 bytes)
Event: 3.884 Thread 0x0000000019796800 nmethod 940 0x0000000002e26650 code [0x0000000002e267c0, 0x0000000002e26928]
Event: 3.884 Thread 0x0000000019796800  941       3       java.lang.Integer::stringSize (21 bytes)
Event: 3.884 Thread 0x0000000019796800 nmethod 941 0x0000000002e269d0 code [0x0000000002e26b40, 0x0000000002e26d50]
Event: 3.884 Thread 0x0000000019796800  942       3       java.lang.Integer::getChars (131 bytes)
Event: 3.885 Thread 0x0000000019796800 nmethod 942 0x0000000002e26e50 code [0x0000000002e26fe0, 0x0000000002e27450]

GC Heap History (2 events):
Event: 1.669 GC heap before
{Heap before GC invocations=1 (full 0):
 PSYoungGen      total 37888K, used 32768K [0x00000000d6500000, 0x00000000d8f00000, 0x0000000100000000)
  eden space 32768K, 100% used [0x00000000d6500000,0x00000000d8500000,0x00000000d8500000)
  from space 5120K, 0% used [0x00000000d8a00000,0x00000000d8a00000,0x00000000d8f00000)
  to   space 5120K, 0% used [0x00000000d8500000,0x00000000d8500000,0x00000000d8a00000)
 ParOldGen       total 86016K, used 0K [0x0000000082e00000, 0x0000000088200000, 0x00000000d6500000)
  object space 86016K, 0% used [0x0000000082e00000,0x0000000082e00000,0x0000000088200000)
 Metaspace       used 8673K, capacity 8958K, committed 9216K, reserved 1056768K
  class space    used 1132K, capacity 1247K, committed 1280K, reserved 1048576K
Event: 1.679 GC heap after
Heap after GC invocations=1 (full 0):
 PSYoungGen      total 37888K, used 4744K [0x00000000d6500000, 0x00000000d8f00000, 0x0000000100000000)
  eden space 32768K, 0% used [0x00000000d6500000,0x00000000d6500000,0x00000000d8500000)
  from space 5120K, 92% used [0x00000000d8500000,0x00000000d89a21b0,0x00000000d8a00000)
  to   space 5120K, 0% used [0x00000000d8a00000,0x00000000d8a00000,0x00000000d8f00000)
 ParOldGen       total 86016K, used 16K [0x0000000082e00000, 0x0000000088200000, 0x00000000d6500000)
  object space 86016K, 0% used [0x0000000082e00000,0x0000000082e04000,0x0000000088200000)
 Metaspace       used 8673K, capacity 8958K, committed 9216K, reserved 1056768K
  class space    used 1132K, capacity 1247K, committed 1280K, reserved 1048576K
}

Deoptimization events (10 events):
Event: 1.234 Thread 0x00000000029d3000 Uncommon trap: reason=bimorphic action=maybe_recompile pc=0x0000000002d14e2c method=java.util.HashMap.putVal(ILjava/lang/Object;Ljava/lang/Object;ZZ)Ljava/lang/Object; @ 91
Event: 1.234 Thread 0x00000000029d3000 Uncommon trap: reason=bimorphic action=maybe_recompile pc=0x0000000002d14e2c method=java.util.HashMap.putVal(ILjava/lang/Object;Ljava/lang/Object;ZZ)Ljava/lang/Object; @ 91
Event: 1.440 Thread 0x00000000029d3000 Uncommon trap: reason=unstable_if action=reinterpret pc=0x0000000002cad140 method=java.util.regex.Matcher.reset()Ljava/util/regex/Matcher; @ 47
Event: 1.440 Thread 0x00000000029d3000 Uncommon trap: reason=class_check action=maybe_recompile pc=0x0000000002cb1620 method=java.util.regex.Matcher.match(II)Z @ 86
Event: 1.440 Thread 0x00000000029d3000 Uncommon trap: reason=class_check action=maybe_recompile pc=0x0000000002cb1620 method=java.util.regex.Matcher.match(II)Z @ 86
Event: 1.441 Thread 0x00000000029d3000 Uncommon trap: reason=class_check action=maybe_recompile pc=0x0000000002cb1620 method=java.util.regex.Matcher.match(II)Z @ 86
Event: 1.441 Thread 0x00000000029d3000 Uncommon trap: reason=class_check action=maybe_recompile pc=0x0000000002cb1620 method=java.util.regex.Matcher.match(II)Z @ 86
Event: 1.564 Thread 0x00000000029d3000 Uncommon trap: reason=bimorphic action=maybe_recompile pc=0x0000000002d1787c method=java.util.HashMap.putVal(ILjava/lang/Object;Ljava/lang/Object;ZZ)Ljava/lang/Object; @ 91
Event: 1.850 Thread 0x00000000029d3000 Uncommon trap: reason=unstable_if action=reinterpret pc=0x0000000002d54ff8 method=java.util.HashMap.getNode(ILjava/lang/Object;)Ljava/util/HashMap$Node; @ 129
Event: 1.850 Thread 0x00000000029d3000 Uncommon trap: reason=class_check action=maybe_recompile pc=0x0000000002d948cc method=java.util.HashMap.putVal(ILjava/lang/Object;Ljava/lang/Object;ZZ)Ljava/lang/Object; @ 203

Classes redefined (0 events):
No events

Internal exceptions (10 events):
Event: 1.586 Thread 0x00000000029d3000 Exception <a 'java/lang/NoSuchMethodError': java.lang.Object.lambda$static$0(Lorg/gradle/internal/state/ModelObject;)Ljava/lang/String;> (0x00000000d8195958) thrown at [C:\src\AOSP-openjdk-git\hotspot\src\share\vm\interpreter\linkResolver.cpp, line 620]
Event: 1.712 Thread 0x00000000029d3000 Exception <a 'java/lang/ArrayIndexOutOfBoundsException'> (0x00000000d6653650) thrown at [C:\src\AOSP-openjdk-git\hotspot\src\share\vm\runtime\sharedRuntime.cpp, line 605]
Event: 1.712 Thread 0x00000000029d3000 Exception <a 'java/lang/ArrayIndexOutOfBoundsException'> (0x00000000d6657a88) thrown at [C:\src\AOSP-openjdk-git\hotspot\src\share\vm\runtime\sharedRuntime.cpp, line 605]
Event: 1.723 Thread 0x00000000029d3000 Exception <a 'java/lang/ArrayIndexOutOfBoundsException'> (0x00000000d66c6388) thrown at [C:\src\AOSP-openjdk-git\hotspot\src\share\vm\runtime\sharedRuntime.cpp, line 605]
Event: 1.724 Thread 0x00000000029d3000 Exception <a 'java/lang/ArrayIndexOutOfBoundsException'> (0x00000000d66c7460) thrown at [C:\src\AOSP-openjdk-git\hotspot\src\share\vm\runtime\sharedRuntime.cpp, line 605]
Event: 1.724 Thread 0x00000000029d3000 Exception <a 'java/lang/ArrayIndexOutOfBoundsException'> (0x00000000d66caa40) thrown at [C:\src\AOSP-openjdk-git\hotspot\src\share\vm\runtime\sharedRuntime.cpp, line 605]
Event: 1.724 Thread 0x00000000029d3000 Exception <a 'java/lang/ArrayIndexOutOfBoundsException'> (0x00000000d66cdb48) thrown at [C:\src\AOSP-openjdk-git\hotspot\src\share\vm\runtime\sharedRuntime.cpp, line 605]
Event: 1.725 Thread 0x00000000029d3000 Exception <a 'java/lang/ArrayIndexOutOfBoundsException'> (0x00000000d66cfd70) thrown at [C:\src\AOSP-openjdk-git\hotspot\src\share\vm\runtime\sharedRuntime.cpp, line 605]
Event: 1.725 Thread 0x00000000029d3000 Exception <a 'java/lang/ArrayIndexOutOfBoundsException'> (0x00000000d66d1630) thrown at [C:\src\AOSP-openjdk-git\hotspot\src\share\vm\runtime\sharedRuntime.cpp, line 605]
Event: 1.725 Thread 0x00000000029d3000 Exception <a 'java/lang/ArrayIndexOutOfBoundsException'> (0x00000000d66d3a68) thrown at [C:\src\AOSP-openjdk-git\hotspot\src\share\vm\runtime\sharedRuntime.cpp, line 605]

Events (10 events):
Event: 3.796 Thread 0x00000000029d3000 DEOPT PACKING pc=0x0000000002cc1671 sp=0x00000000029cd580
Event: 3.796 Thread 0x00000000029d3000 DEOPT UNPACKING pc=0x0000000002b175d0 sp=0x00000000029cd2c8 mode 0
Event: 3.800 Thread 0x00000000029d3000 DEOPT PACKING pc=0x0000000002cc1671 sp=0x00000000029cd580
Event: 3.800 Thread 0x00000000029d3000 DEOPT UNPACKING pc=0x0000000002b175d0 sp=0x00000000029cd2c8 mode 0
Event: 3.803 Thread 0x00000000029d3000 DEOPT PACKING pc=0x0000000002cc1671 sp=0x00000000029cd580
Event: 3.803 Thread 0x00000000029d3000 DEOPT UNPACKING pc=0x0000000002b175d0 sp=0x00000000029cd2c8 mode 0
Event: 3.884 loading class org/gradle/api/internal/classpath/DefaultModuleRegistry
Event: 3.884 loading class org/gradle/api/internal/classpath/DefaultModuleRegistry done
Event: 3.891 loading class org/gradle/api/internal/classpath/DefaultModuleRegistry$DefaultModule
Event: 3.891 loading class org/gradle/api/internal/classpath/DefaultModuleRegistry$DefaultModule done


Dynamic libraries:
0x00007ff6bcff0000 - 0x00007ff6bd021000 	C:\Program Files\Android\Android Studio\jre\bin\java.exe
0x00007ffcca230000 - 0x00007ffcca425000 	C:\WINDOWS\SYSTEM32\ntdll.dll
0x00007ffcc93d0000 - 0x00007ffcc948d000 	C:\WINDOWS\System32\KERNEL32.DLL
0x00007ffcc7970000 - 0x00007ffcc7c39000 	C:\WINDOWS\System32\KERNELBASE.dll
0x00007ffcc8af0000 - 0x00007ffcc8b9c000 	C:\WINDOWS\System32\ADVAPI32.dll
0x00007ffcc95c0000 - 0x00007ffcc965e000 	C:\WINDOWS\System32\msvcrt.dll
0x00007ffcc9780000 - 0x00007ffcc981c000 	C:\WINDOWS\System32\sechost.dll
0x00007ffcc9490000 - 0x00007ffcc95bb000 	C:\WINDOWS\System32\RPCRT4.dll
0x00007ffcc8ee0000 - 0x00007ffcc9080000 	C:\WINDOWS\System32\USER32.dll
0x00007ffcc80a0000 - 0x00007ffcc80c2000 	C:\WINDOWS\System32\win32u.dll
0x00007ffcc91a0000 - 0x00007ffcc91ca000 	C:\WINDOWS\System32\GDI32.dll
0x00007ffcc7f90000 - 0x00007ffcc809b000 	C:\WINDOWS\System32\gdi32full.dll
0x00007ffcc7da0000 - 0x00007ffcc7e3d000 	C:\WINDOWS\System32\msvcp_win.dll
0x00007ffcc7e90000 - 0x00007ffcc7f90000 	C:\WINDOWS\System32\ucrtbase.dll
0x00007ffcb0860000 - 0x00007ffcb0afa000 	C:\WINDOWS\WinSxS\amd64_microsoft.windows.common-controls_6595b64144ccf1df_6.0.19041.844_none_ca00b6081b84eb1d\COMCTL32.dll
0x00007ffcc8c00000 - 0x00007ffcc8c30000 	C:\WINDOWS\System32\IMM32.DLL
0x0000000074040000 - 0x0000000074112000 	C:\Program Files\Android\Android Studio\jre\jre\bin\msvcr100.dll
0x0000000074200000 - 0x0000000074a4b000 	C:\Program Files\Android\Android Studio\jre\jre\bin\server\jvm.dll
0x00007ffcc9130000 - 0x00007ffcc9138000 	C:\WINDOWS\System32\PSAPI.DLL
0x00007ffcb9d50000 - 0x00007ffcb9d59000 	C:\WINDOWS\SYSTEM32\WSOCK32.dll
0x00007ffc99250000 - 0x00007ffc99277000 	C:\WINDOWS\SYSTEM32\WINMM.dll
0x00007ffcbbd60000 - 0x00007ffcbbd6a000 	C:\WINDOWS\SYSTEM32\VERSION.dll
0x00007ffcc8e70000 - 0x00007ffcc8edb000 	C:\WINDOWS\System32\WS2_32.dll
0x00007ffcbb030000 - 0x00007ffcbb03f000 	C:\Program Files\Android\Android Studio\jre\jre\bin\verify.dll
0x00007ffc90c70000 - 0x00007ffc90c99000 	C:\Program Files\Android\Android Studio\jre\jre\bin\java.dll
0x00007ffc97520000 - 0x00007ffc97536000 	C:\Program Files\Android\Android Studio\jre\jre\bin\zip.dll
0x00007ffcc9aa0000 - 0x00007ffcca1e2000 	C:\WINDOWS\System32\SHELL32.dll
0x00007ffcc57c0000 - 0x00007ffcc5f50000 	C:\WINDOWS\SYSTEM32\windows.storage.dll
0x00007ffcc8700000 - 0x00007ffcc8a55000 	C:\WINDOWS\System32\combase.dll
0x00007ffcc73e0000 - 0x00007ffcc740c000 	C:\WINDOWS\SYSTEM32\Wldp.dll
0x00007ffcc9080000 - 0x00007ffcc912e000 	C:\WINDOWS\System32\SHCORE.dll
0x00007ffcc8ba0000 - 0x00007ffcc8bf5000 	C:\WINDOWS\System32\shlwapi.dll
0x00007ffcc78b0000 - 0x00007ffcc78cf000 	C:\WINDOWS\SYSTEM32\profapi.dll
0x00007ffc95c80000 - 0x00007ffc95c9a000 	C:\Program Files\Android\Android Studio\jre\jre\bin\net.dll
0x00007ffcc7160000 - 0x00007ffcc71ca000 	C:\WINDOWS\system32\mswsock.dll
0x00007ffc95c30000 - 0x00007ffc95c43000 	C:\Program Files\Android\Android Studio\jre\jre\bin\nio.dll
0x00007ffc85b20000 - 0x00007ffc85b46000 	C:\Users\fmend\.gradle\native\fdc75f09e3144964f2cf3f50f0aa648679c211496f362492102eb8c894070792\windows-amd64\native-platform.dll
0x00007ffc76520000 - 0x00007ffc766b1000 	C:\Users\fmend\.gradle\native\12488b8bf47d2d4c9fbf2f6322a914ad602e24e48041cd04a747c6da556b65c4\windows-amd64\native-platform-file-events.dll
0x00007ffcb9f70000 - 0x00007ffcb9f7d000 	C:\Program Files\Android\Android Studio\jre\jre\bin\management.dll
0x00007ffcc7330000 - 0x00007ffcc7348000 	C:\WINDOWS\SYSTEM32\CRYPTSP.dll
0x00007ffcc6a90000 - 0x00007ffcc6ac4000 	C:\WINDOWS\system32\rsaenh.dll
0x00007ffcc8130000 - 0x00007ffcc8157000 	C:\WINDOWS\System32\bcrypt.dll
0x00007ffcc7830000 - 0x00007ffcc785e000 	C:\WINDOWS\SYSTEM32\USERENV.dll
0x00007ffcc8210000 - 0x00007ffcc8290000 	C:\WINDOWS\System32\bcryptprimitives.dll
0x00007ffcc7350000 - 0x00007ffcc735c000 	C:\WINDOWS\SYSTEM32\CRYPTBASE.dll
0x00007ffcc6e00000 - 0x00007ffcc6e3b000 	C:\WINDOWS\SYSTEM32\IPHLPAPI.DLL
0x00007ffcc9360000 - 0x00007ffcc9368000 	C:\WINDOWS\System32\NSI.dll
0x00007ffcb6d60000 - 0x00007ffcb6d77000 	C:\WINDOWS\SYSTEM32\dhcpcsvc6.DLL
0x00007ffcb6d80000 - 0x00007ffcb6d9d000 	C:\WINDOWS\SYSTEM32\dhcpcsvc.DLL
0x00007ffcc6e40000 - 0x00007ffcc6f0b000 	C:\WINDOWS\SYSTEM32\DNSAPI.dll
0x00007ffcb99a0000 - 0x00007ffcb99ab000 	C:\WINDOWS\SYSTEM32\WINNSI.DLL

VM Arguments:
jvm_args: -Dorg.gradle.appname=gradlew 
java_command: org.gradle.wrapper.GradleWrapperMain -q -Ptarget-platform=android-x86 -Ptarget=C:\Users\fmend\Documents\Programmation\Flutter\aura2\lib\main.dart -Ptrack-widget-creation=true -Pfilesystem-scheme=org-dartlang-root assembleDebug
java_class_path (initial): C:\Users\fmend\Documents\Programmation\Flutter\aura2\android\\gradle\wrapper\gradle-wrapper.jar
Launcher Type: SUN_STANDARD

Environment Variables:
JAVA_HOME=C:\Program Files\Android\Android Studio\jre
CLASSPATH=C:\Users\fmend\Documents\Programmation\Flutter\aura2\android\\gradle\wrapper\gradle-wrapper.jar
PATH=C:\Python39\Scripts\;C:\Python39\;C:\WINDOWS\system32;C:\WINDOWS;C:\WINDOWS\System32\Wbem;C:\WINDOWS\System32\WindowsPowerShell\v1.0\;C:\WINDOWS\System32\OpenSSH\;C:\Program Files\Intel\WiFi\bin\;C:\Program Files\Common Files\Intel\WirelessCommon\;C:\Program Files\PuTTY\;C:\TDM-GCC-64\bin;C:\wamp64\bin\php\php7.3.12;C:\ProgramData\ComposerSetup\bin;C:\Program Files\Symfony;C:\Program Files\Git\cmd;C:\Program Files (x86)\Intel\Intel(R) Management Engine Components\DAL;C:\Program Files\Intel\Intel(R) Management Engine Components\DAL;C:\Program Files\nodejs\;C:\ProgramData\chocolatey\bin;C:\Program Files\TortoiseSVN\bin;C:\Users\fmend\AppData\Local\Microsoft\WindowsApps;C:\Users\fmend\AppData\Local\atom\bin;C:\Users\fmend\AppData\Local\Programs\Microsoft VS Code\bin;C:\Users\fmend\AppData\Roaming\Composer\vendor\bin;C:\Users\fmend\AppData\Roaming\npm;C:\Users\fmend\AppData\Local\Microsoft\WindowsApps;C:\Users\fmend\flutter\flutter\bin;
USERNAME=fmend
OS=Windows_NT
PROCESSOR_IDENTIFIER=Intel64 Family 6 Model 142 Stepping 11, GenuineIntel



---------------  S Y S T E M  ---------------

OS: Windows 10.0 , 64 bit Build 19041 (10.0.19041.804)

CPU:total 8 (initial active 8) (4 cores per cpu, 2 threads per core) family 6 model 142 stepping 11, cmov, cx8, fxsr, mmx, sse, sse2, sse3, ssse3, sse4.1, sse4.2, popcnt, avx, avx2, aes, clmul, erms, 3dnowpref, lzcnt, ht, tsc, tscinvbit, bmi1, bmi2, adx

Memory: 4k page, physical 8198660k(336308k free), swap 33364484k(344k free)

vm_info: OpenJDK 64-Bit Server VM (25.242-b01) for windows-amd64 JRE (1.8.0_242-release-1644-b01), built by "builder" with MS VC++ 10.0 (VS2010)

time: Sat Apr 10 22:58:20 2021
timezone: Romance Summer Time
elapsed time: 4 seconds (0d 0h 0m 4s)

